<?xml version="1.0" encoding="UTF-8"?>
<!-- Generated by org.testng.reporters.JUnitReportReporter -->
<testsuite hostname="DESKTOP-2THDRJ9" failures="0" tests="1" name="testcases.SimplilearnLogin" time="17.378" errors="0" timestamp="2022-09-18T11:20:08 IST" skipped="0">
  <testcase classname="testcases.SimplilearnLogin" name="Test3" time="17.378"/>
  <system-out/>
</testsuite> <!-- testcases.SimplilearnLogin -->
