<?xml version="1.0" encoding="UTF-8"?>
<!-- Generated by org.testng.reporters.JUnitReportReporter -->
<testsuite hostname="DESKTOP-2THDRJ9" failures="0" tests="1" name="testcases.HomeTest" time="4.496" errors="0" timestamp="2022-09-17T15:53:34 IST" skipped="0">
  <testcase classname="testcases.HomeTest" name="Test1" time="4.496"/>
  <system-out/>
</testsuite> <!-- testcases.HomeTest -->
