<?xml version="1.0" encoding="UTF-8"?>
<!-- Generated by org.testng.reporters.JUnitReportReporter -->
<testsuite hostname="DESKTOP-2THDRJ9" failures="0" tests="3" name="testcases.SimplilearnLogin" time="40.667" errors="0" timestamp="2022-09-23T00:01:10 IST" skipped="0">
  <testcase classname="testcases.SimplilearnLogin" name="Test1" time="11.831"/>
  <system-out/>
  <testcase classname="testcases.SimplilearnLogin" name="Test2" time="15.854"/>
  <system-out/>
  <testcase classname="testcases.SimplilearnLogin" name="Test3" time="12.982"/>
  <system-out/>
</testsuite> <!-- testcases.SimplilearnLogin -->
