<?xml version="1.0" encoding="UTF-8"?>
<!-- Generated by org.testng.reporters.JUnitReportReporter -->
<testsuite skipped="0" hostname="DESKTOP-2THDRJ9" name="testcases.SimplilearnLogin" tests="3" failures="0" timestamp="2022-09-18T11:17:17 IST" time="32.495" errors="0">
  <testcase name="Test1" time="10.585" classname="testcases.SimplilearnLogin"/>
  <system-out/>
  <testcase name="Test2" time="11.250" classname="testcases.SimplilearnLogin"/>
  <system-out/>
  <testcase name="Test3" time="10.660" classname="testcases.SimplilearnLogin"/>
  <system-out/>
</testsuite> <!-- testcases.SimplilearnLogin -->
