<?xml version="1.0" encoding="UTF-8"?>
<!-- Generated by org.testng.reporters.JUnitReportReporter -->
<testsuite skipped="0" hostname="DESKTOP-2THDRJ9" name="testcases.HomeTest" tests="1" failures="0" timestamp="2022-09-18T11:17:17 IST" time="4.921" errors="0">
  <testcase name="Test1" time="4.921" classname="testcases.HomeTest"/>
  <system-out/>
</testsuite> <!-- testcases.HomeTest -->
