<?xml version="1.0" encoding="UTF-8"?>
<!-- Generated by org.testng.reporters.JUnitReportReporter -->
<testsuite skipped="0" hostname="DESKTOP-2THDRJ9" name="testcases.SimplilearnLogin" tests="3" failures="0" timestamp="2022-09-18T11:37:26 IST" time="38.060" errors="0">
  <testcase name="Test1" time="12.758" classname="testcases.SimplilearnLogin"/>
  <system-out/>
  <testcase name="Test2" time="16.590" classname="testcases.SimplilearnLogin"/>
  <system-out/>
  <testcase name="Test3" time="8.712" classname="testcases.SimplilearnLogin"/>
  <system-out/>
</testsuite> <!-- testcases.SimplilearnLogin -->
